{
	"platform_version": "64-bit",
	"assessment_end_ts": "aaaa",
	"stderr": "FILE: build/build_stderr.out from output/build.tar.gz\n\nFAILURE: Build failed with an exception.\n\n* What went wrong:\nA problem occurred configuring root project '2048-android-master'.\n> SDK location not found. Define location with sdk.dir in the local.properties file or with an ANDROID_HOME environment variable.\n\n* Try:\nRun with --stacktrace option to get the stack trace. Run with --info or --debug option to get more log output.\norg.gradle.internal.exceptions.LocationAwareException: A problem occurred configuring root project '2048-android-master'.\n\tat org.gradle.initialization.DefaultExceptionAnalyser.transform(DefaultExceptionAnalyser.java:77)\n\tat org.gradle.initialization.MultipleBuildFailuresExceptionAnalyser.transform(MultipleBuildFailuresExceptionAnalyser.java:47)\n\tat org.gradle.initialization.DefaultGradleLauncher.doBuild(DefaultGradleLauncher.java:115)\n\tat org.gradle.initialization.DefaultGradleLauncher.run(DefaultGradleLauncher.java:81)\n\tat org.gradle.launcher.exec.InProcessBuildActionExecuter$DefaultBuildController.run(InProcessBuildActionExecuter.java:64)\n\tat org.gradle.launcher.cli.ExecuteBuildAction.run(ExecuteBuildAction.java:33)\n\tat org.gradle.launcher.cli.ExecuteBuildAction.run(ExecuteBuildAction.java:24)\n\tat org.gradle.launcher.exec.InProcessBuildActionExecuter.execute(InProcessBuildActionExecuter.java:35)\n\tat org.gradle.launcher.exec.InProcessBuildActionExecuter.execute(InProcessBuildActionExecuter.java:26)\n\tat org.gradle.launcher.cli.RunBuildAction.run(RunBuildAction.java:50)\n\tat org.gradle.internal.Actions$RunnableActionAdapter.execute(Actions.java:171)\n\tat org.gradle.launcher.cli.CommandLineActionFactory$ParseAndBuildAction.execute(CommandLineActionFactory.java:201)\n\tat org.gradle.launcher.cli.CommandLineActionFactory$ParseAndBuildAction.execute(CommandLineActionFactory.java:174)\n\tat org.gradle.launcher.cli.CommandLineActionFactory$WithLogging.execute(CommandLineActionFactory.java:170)\n\tat org.gradle.launcher.cli.CommandLineActionFactory$WithLogging.execute(CommandLineActionFactory.java:139)\n\tat org.gradle.launcher.cli.ExceptionReportingAction.execute(ExceptionReportingAction.java:33)\n\tat org.gradle.launcher.cli.ExceptionReportingAction.execute(ExceptionReportingAction.java:22)\n\tat org.gradle.launcher.Main.doAction(Main.java:46)\n\tat org.gradle.launcher.bootstrap.EntryPoint.run(EntryPoint.java:45)\n\tat org.gradle.launcher.Main.main(Main.java:37)\n\tat sun.reflect.NativeMethodAccessorImpl.invoke0(Native Method)\n\tat sun.reflect.NativeMethodAccessorImpl.invoke(NativeMethodAccessorImpl.java:57)\n\tat sun.reflect.DelegatingMethodAccessorImpl.invoke(DelegatingMethodAccessorImpl.java:43)\n\tat java.lang.reflect.Method.invoke(Method.java:606)\n\tat org.gradle.launcher.bootstrap.ProcessBootstrap.runNoExit(ProcessBootstrap.java:50)\n\tat org.gradle.launcher.bootstrap.ProcessBootstrap.run(ProcessBootstrap.java:32)\n\tat org.gradle.launcher.GradleMain.main(GradleMain.java:23)\n\tat sun.reflect.NativeMethodAccessorImpl.invoke0(Native Method)\n\tat sun.reflect.NativeMethodAccessorImpl.invoke(NativeMethodAccessorImpl.java:57)\n\tat sun.reflect.DelegatingMethodAccessorImpl.invoke(DelegatingMethodAccessorImpl.java:43)\n\tat java.lang.reflect.Method.invoke(Method.java:606)\n\tat org.gradle.wrapper.BootstrapMainStarter.start(BootstrapMainStarter.java:33)\n\tat org.gradle.wrapper.WrapperExecutor.execute(WrapperExecutor.java:130)\n\tat org.gradle.wrapper.GradleWrapperMain.main(GradleWrapperMain.java:48)\nCaused by: org.gradle.api.ProjectConfigurationException: A problem occurred configuring root project '2048-android-master'.\n\tat org.gradle.configuration.project.LifecycleProjectEvaluator.addConfigurationFailure(LifecycleProjectEvaluator.java:79)\n\tat org.gradle.configuration.project.LifecycleProjectEvaluator.notifyAfterEvaluate(LifecycleProjectEvaluator.java:74)\n\tat org.gradle.configuration.project.LifecycleProjectEvaluator.evaluate(LifecycleProjectEvaluator.java:61)\n\tat org.gradle.api.internal.project.AbstractProject.evaluate(AbstractProject.java:493)\n\tat org.gradle.api.internal.project.AbstractProject.evaluate(AbstractProject.java:80)\n\tat org.gradle.configuration.DefaultBuildConfigurer.configure(DefaultBuildConfigurer.java:31)\n\tat org.gradle.initialization.DefaultGradleLauncher.doBuildStages(DefaultGradleLauncher.java:142)\n\tat org.gradle.initialization.DefaultGradleLauncher.doBuild(DefaultGradleLauncher.java:113)\n\t... 31 more\nCaused by: java.lang.RuntimeException: SDK location not found. Define location with sdk.dir in the local.properties file or with an ANDROID_HOME environment variable.\n\tat com.android.build.gradle.internal.SdkHandler.getSdkLoader(SdkHandler.java:93)\n\tat sun.reflect.NativeMethodAccessorImpl.invoke0(Native Method)\n\tat sun.reflect.NativeMethodAccessorImpl.invoke(NativeMethodAccessorImpl.java:57)\n\tat sun.reflect.DelegatingMethodAccessorImpl.invoke(DelegatingMethodAccessorImpl.java:43)\n\tat java.lang.reflect.Method.invoke(Method.java:606)\n\tat org.codehaus.groovy.reflection.CachedMethod.invoke(CachedMethod.java:90)\n\tat groovy.lang.MetaMethod.doMethodInvoke(MetaMethod.java:233)\n\tat groovy.lang.MetaClassImpl$GetBeanMethodMetaProperty.getProperty(MetaClassImpl.java:3465)\n\tat org.codehaus.groovy.runtime.callsite.GetEffectivePojoPropertySite.getProperty(GetEffectivePojoPropertySite.java:61)\n\tat org.codehaus.groovy.runtime.callsite.AbstractCallSite.callGetProperty(AbstractCallSite.java:227)\n\tat com.android.build.gradle.BasePlugin.createAndroidTasks(BasePlugin.groovy:421)\n\tat sun.reflect.NativeMethodAccessorImpl.invoke0(Native Method)\n\tat sun.reflect.NativeMethodAccessorImpl.invoke(NativeMethodAccessorImpl.java:57)\n\tat sun.reflect.DelegatingMethodAccessorImpl.invoke(DelegatingMethodAccessorImpl.java:43)\n\tat java.lang.reflect.Method.invoke(Method.java:606)\n\tat org.codehaus.groovy.reflection.CachedMethod.invoke(CachedMethod.java:90)\n\tat groovy.lang.MetaMethod.doMethodInvoke(MetaMethod.java:233)\n\tat org.codehaus.groovy.runtime.metaclass.ClosureMetaClass.invokeMethod(ClosureMetaClass.java:361)\n\tat groovy.lang.MetaClassImpl.invokeMethod(MetaClassImpl.java:877)\n\tat org.codehaus.groovy.runtime.callsite.PogoMetaClassSite.callCurrent(PogoMetaClassSite.java:66)\n\tat org.codehaus.groovy.runtime.callsite.CallSiteArray.defaultCallCurrent(CallSiteArray.java:46)\n\tat org.codehaus.groovy.runtime.callsite.AbstractCallSite.callCurrent(AbstractCallSite.java:133)\n\tat org.codehaus.groovy.runtime.callsite.AbstractCallSite.callCurrent(AbstractCallSite.java:141)\n\tat com.android.build.gradle.BasePlugin$_apply_closure7.doCall(BasePlugin.groovy:338)\n\tat sun.reflect.NativeMethodAccessorImpl.invoke0(Native Method)\n\tat sun.reflect.NativeMethodAccessorImpl.invoke(NativeMethodAccessorImpl.java:57)\n\tat sun.reflect.DelegatingMethodAccessorImpl.invoke(DelegatingMethodAccessorImpl.java:43)\n\tat java.lang.reflect.Method.invoke(Method.java:606)\n\tat org.codehaus.groovy.reflection.CachedMethod.invoke(CachedMethod.java:90)\n\tat groovy.lang.MetaMethod.doMethodInvoke(MetaMethod.java:233)\n\tat org.codehaus.groovy.runtime.metaclass.ClosureMetaClass.invokeMethod(ClosureMetaClass.java:272)\n\tat groovy.lang.MetaClassImpl.invokeMethod(MetaClassImpl.java:877)\n\tat groovy.lang.Closure.call(Closure.java:412)\n\tat org.gradle.listener.ClosureBackedMethodInvocationDispatch.dispatch(ClosureBackedMethodInvocationDispatch.java:40)\n\tat org.gradle.listener.ClosureBackedMethodInvocationDispatch.dispatch(ClosureBackedMethodInvocationDispatch.java:25)\n\tat org.gradle.listener.BroadcastDispatch.dispatch(BroadcastDispatch.java:83)\n\tat org.gradle.listener.BroadcastDispatch.dispatch(BroadcastDispatch.java:31)\n\tat org.gradle.messaging.dispatch.ProxyDispatchAdapter$DispatchingInvocationHandler.invoke(ProxyDispatchAdapter.java:93)\n\tat com.sun.proxy.$Proxy12.afterEvaluate(Unknown Source)\n\tat org.gradle.configuration.project.LifecycleProjectEvaluator.notifyAfterEvaluate(LifecycleProjectEvaluator.java:67)\n\t... 37 more\n\nFAILURE: Build failed with an exception.\n\n* What went wrong:\nCannot invoke method nodeCompleted() on null object\n\n* Try:\nRun with --stacktrace option to get the stack trace. Run with --info or --debug option to get more log output.\n",
	"report_generation_ts": "Tue Mar  6 03:24:56 2018",
	"stdout": "FILE: build/build_stdout.out from output/build.tar.gz\nDownloading http://services.gradle.org/distributions/gradle-1.12-all.zip\n..................................................................................................................................................................................................................................................................................................................................................................................................................................................................................................................................................................................................................................................................................................................................................................................................................................................................................................................................................................................................................................................................................................................................................................................................................................................................................................................................................................................................................................................................................................................................................................................................................................................................................................................................................................................................................................................................................................................................................................................................................................................................................................................................................................................................................................................................................................................................................................................................................................................................................................................................................................................................................................................................................................................................................................................................................................................................................................................................................................................................\nUnzipping /home/builder/.gradle/wrapper/dists/gradle-1.12-all/2apkk7d25miauqf1pdjp1bm0uo/gradle-1.12-all.zip to /home/builder/.gradle/wrapper/dists/gradle-1.12-all/2apkk7d25miauqf1pdjp1bm0uo\nSet executable permissions for: /home/builder/.gradle/wrapper/dists/gradle-1.12-all/2apkk7d25miauqf1pdjp1bm0uo/gradle-1.12/bin/gradle\nDownload http://repo1.maven.org/maven2/com/android/tools/build/gradle/0.12.2/gradle-0.12.2.pom\nDownload http://repo1.maven.org/maven2/net/sf/proguard/proguard-gradle/4.11/proguard-gradle-4.11.pom\nDownload http://repo1.maven.org/maven2/net/sf/proguard/proguard-parent/4.11/proguard-parent-4.11.pom\nDownload http://repo1.maven.org/maven2/com/android/tools/lint/lint/23.0.2/lint-23.0.2.pom\nDownload http://repo1.maven.org/maven2/com/android/tools/build/builder/0.12.2/builder-0.12.2.pom\nDownload http://repo1.maven.org/maven2/net/sf/proguard/proguard-base/4.11/proguard-base-4.11.pom\nDownload http://repo1.maven.org/maven2/org/eclipse/jdt/core/compiler/ecj/4.2.2/ecj-4.2.2.pom\nDownload http://repo1.maven.org/maven2/com/android/tools/lint/lint-checks/23.0.2/lint-checks-23.0.2.pom\nDownload http://repo1.maven.org/maven2/com/android/tools/sdk-common/23.0.2/sdk-common-23.0.2.pom\nDownload http://repo1.maven.org/maven2/com/android/tools/build/builder-model/0.12.2/builder-model-0.12.2.pom\nDownload http://repo1.maven.org/maven2/com/android/tools/ddms/ddmlib/23.0.2/ddmlib-23.0.2.pom\nDownload http://repo1.maven.org/maven2/com/android/tools/build/manifest-merger/23.0.2/manifest-merger-23.0.2.pom\nDownload http://repo1.maven.org/maven2/com/android/tools/sdklib/23.0.2/sdklib-23.0.2.pom\nDownload http://repo1.maven.org/maven2/com/android/tools/common/23.0.2/common-23.0.2.pom\nDownload http://repo1.maven.org/maven2/com/android/tools/build/builder-test-api/0.12.2/builder-test-api-0.12.2.pom\nDownload http://repo1.maven.org/maven2/com/squareup/javawriter/2.5.0/javawriter-2.5.0.pom\nDownload http://repo1.maven.org/maven2/org/sonatype/oss/oss-parent/7/oss-parent-7.pom\nDownload http://repo1.maven.org/maven2/org/bouncycastle/bcpkix-jdk15on/1.48/bcpkix-jdk15on-1.48.pom\nDownload http://repo1.maven.org/maven2/com/android/tools/lint/lint-api/23.0.2/lint-api-23.0.2.pom\nDownload http://repo1.maven.org/maven2/org/ow2/asm/asm-analysis/4.0/asm-analysis-4.0.pom\nDownload http://repo1.maven.org/maven2/org/ow2/asm/asm-parent/4.0/asm-parent-4.0.pom\nDownload http://repo1.maven.org/maven2/org/ow2/ow2/1.3/ow2-1.3.pom\nDownload http://repo1.maven.org/maven2/net/sf/kxml/kxml2/2.3.0/kxml2-2.3.0.pom\nDownload http://repo1.maven.org/maven2/kxml2/kxml2/2.3.0/kxml2-2.3.0.pom\nDownload http://repo1.maven.org/maven2/org/apache/httpcomponents/httpclient/4.1.1/httpclient-4.1.1.pom\nDownload http://repo1.maven.org/maven2/org/apache/httpcomponents/httpcomponents-client/4.1.1/httpcomponents-client-4.1.1.pom\nDownload http://repo1.maven.org/maven2/org/apache/httpcomponents/project/4.1.1/project-4.1.1.pom\nDownload http://repo1.maven.org/maven2/com/android/tools/layoutlib/layoutlib-api/23.0.2/layoutlib-api-23.0.2.pom\nDownload http://repo1.maven.org/maven2/org/apache/httpcomponents/httpmime/4.1/httpmime-4.1.pom\nDownload http://repo1.maven.org/maven2/org/apache/httpcomponents/httpcomponents-client/4.1/httpcomponents-client-4.1.pom\nDownload http://repo1.maven.org/maven2/com/android/tools/dvlib/23.0.2/dvlib-23.0.2.pom\nDownload http://repo1.maven.org/maven2/org/apache/commons/commons-compress/1.8.1/commons-compress-1.8.1.pom\nDownload http://repo1.maven.org/maven2/org/apache/commons/commons-parent/33/commons-parent-33.pom\nDownload http://repo1.maven.org/maven2/org/apache/apache/13/apache-13.pom\nDownload http://repo1.maven.org/maven2/com/google/guava/guava/15.0/guava-15.0.pom\nDownload http://repo1.maven.org/maven2/com/google/guava/guava-parent/15.0/guava-parent-15.0.pom\nDownload http://repo1.maven.org/maven2/org/bouncycastle/bcprov-jdk15on/1.48/bcprov-jdk15on-1.48.pom\nDownload http://repo1.maven.org/maven2/org/ow2/asm/asm/4.0/asm-4.0.pom\nDownload http://repo1.maven.org/maven2/com/android/tools/external/lombok/lombok-ast/0.2.2/lombok-ast-0.2.2.pom\nDownload http://repo1.maven.org/maven2/org/ow2/asm/asm-tree/4.0/asm-tree-4.0.pom\nDownload http://repo1.maven.org/maven2/org/apache/httpcomponents/httpcore/4.1/httpcore-4.1.pom\nDownload http://repo1.maven.org/maven2/org/apache/httpcomponents/httpcomponents-core/4.1/httpcomponents-core-4.1.pom\nDownload http://repo1.maven.org/maven2/commons-logging/commons-logging/1.1.1/commons-logging-1.1.1.pom\nDownload http://repo1.maven.org/maven2/org/apache/commons/commons-parent/5/commons-parent-5.pom\nDownload http://repo1.maven.org/maven2/org/apache/apache/4/apache-4.pom\nDownload http://repo1.maven.org/maven2/commons-codec/commons-codec/1.4/commons-codec-1.4.pom\nDownload http://repo1.maven.org/maven2/org/apache/commons/commons-parent/11/commons-parent-11.pom\nDownload http://repo1.maven.org/maven2/com/android/tools/build/gradle/0.12.2/gradle-0.12.2.jar\nDownload http://repo1.maven.org/maven2/net/sf/proguard/proguard-gradle/4.11/proguard-gradle-4.11.jar\nDownload http://repo1.maven.org/maven2/com/android/tools/lint/lint/23.0.2/lint-23.0.2.jar\nDownload http://repo1.maven.org/maven2/com/android/tools/build/builder/0.12.2/builder-0.12.2.jar\nDownload http://repo1.maven.org/maven2/net/sf/proguard/proguard-base/4.11/proguard-base-4.11.jar\nDownload http://repo1.maven.org/maven2/org/eclipse/jdt/core/compiler/ecj/4.2.2/ecj-4.2.2.jar\nDownload http://repo1.maven.org/maven2/com/android/tools/lint/lint-checks/23.0.2/lint-checks-23.0.2.jar\nDownload http://repo1.maven.org/maven2/com/android/tools/sdk-common/23.0.2/sdk-common-23.0.2.jar\nDownload http://repo1.maven.org/maven2/com/android/tools/build/builder-model/0.12.2/builder-model-0.12.2.jar\nDownload http://repo1.maven.org/maven2/com/android/tools/ddms/ddmlib/23.0.2/ddmlib-23.0.2.jar\nDownload http://repo1.maven.org/maven2/com/android/tools/build/manifest-merger/23.0.2/manifest-merger-23.0.2.jar\nDownload http://repo1.maven.org/maven2/com/android/tools/sdklib/23.0.2/sdklib-23.0.2.jar\nDownload http://repo1.maven.org/maven2/com/android/tools/common/23.0.2/common-23.0.2.jar\nDownload http://repo1.maven.org/maven2/com/android/tools/build/builder-test-api/0.12.2/builder-test-api-0.12.2.jar\nDownload http://repo1.maven.org/maven2/com/squareup/javawriter/2.5.0/javawriter-2.5.0.jar\nDownload http://repo1.maven.org/maven2/org/bouncycastle/bcpkix-jdk15on/1.48/bcpkix-jdk15on-1.48.jar\nDownload http://repo1.maven.org/maven2/com/android/tools/lint/lint-api/23.0.2/lint-api-23.0.2.jar\nDownload http://repo1.maven.org/maven2/org/ow2/asm/asm-analysis/4.0/asm-analysis-4.0.jar\nDownload http://repo1.maven.org/maven2/net/sf/kxml/kxml2/2.3.0/kxml2-2.3.0.jar\nDownload http://repo1.maven.org/maven2/org/apache/httpcomponents/httpclient/4.1.1/httpclient-4.1.1.jar\nDownload http://repo1.maven.org/maven2/com/android/tools/layoutlib/layoutlib-api/23.0.2/layoutlib-api-23.0.2.jar\nDownload http://repo1.maven.org/maven2/org/apache/httpcomponents/httpmime/4.1/httpmime-4.1.jar\nDownload http://repo1.maven.org/maven2/com/android/tools/dvlib/23.0.2/dvlib-23.0.2.jar\nDownload http://repo1.maven.org/maven2/org/apache/commons/commons-compress/1.8.1/commons-compress-1.8.1.jar\nDownload http://repo1.maven.org/maven2/com/google/guava/guava/15.0/guava-15.0.jar\nDownload http://repo1.maven.org/maven2/org/bouncycastle/bcprov-jdk15on/1.48/bcprov-jdk15on-1.48.jar\nDownload http://repo1.maven.org/maven2/org/ow2/asm/asm/4.0/asm-4.0.jar\nDownload http://repo1.maven.org/maven2/com/android/tools/external/lombok/lombok-ast/0.2.2/lombok-ast-0.2.2.jar\nDownload http://repo1.maven.org/maven2/org/ow2/asm/asm-tree/4.0/asm-tree-4.0.jar\nDownload http://repo1.maven.org/maven2/org/apache/httpcomponents/httpcore/4.1/httpcore-4.1.jar\nDownload http://repo1.maven.org/maven2/commons-logging/commons-logging/1.1.1/commons-logging-1.1.1.jar\nDownload http://repo1.maven.org/maven2/commons-codec/commons-codec/1.4/commons-codec-1.4.jar\n\nBUILD FAILED\n\nTotal time: 28.924 secs\n",
	"platform_name": "CentOS",
	"assessment_start_ts": "aaa",
	"error_message": [
		["build", "  Command './gradlew --no-daemon --rerun-tasks -Dorg.gradle.project.SwampListenerOutfile=/home/builder/build/build_artifacts.xml --init-script /home/builder/scripts/build-monitors/swamp-gradle-listener/swamp.gradle classes' failed with exit-code '1'.  See 'build_stdout.out', 'build_stderr.out' for errors"]
	],
	"package_version": "1.0",
	"tool_version": "current",
	"status_out": "NOTE: begin\nPASS: install-os-dependencies                                         18.372784s\nPASS: tool-runtime-compatibility                                       0.001861s\nPASS: package-unarchive                                                0.036618s\nSKIP: configure                                                        0.000009s\nFAIL: build                                                           29.651969s\n  ----------\n  Command './gradlew --no-daemon --rerun-tasks -Dorg.gradle.project.SwampListenerOutfile=/home/builder/build/build_artifacts.xml --init-script /home/builder/scripts/build-monitors/swamp-gradle-listener/swamp.gradle classes' failed with exit-code '1'.\n  See 'build_stdout.out', 'build_stderr.out' for errors\n  ----------\nPASS: build-archive                                                   13.810283s\nFAIL: all                                                             61.886717s\nNOTE: end\n",
	"package_name": "c_hashmap",
	"tool_name": "pmd",
	"version_information": "SWAMP:1.33.0.RELEASE.20180125153237\nc-assess:1.1.14\njava-assess:2.6.6\nruby-assess:1.1.8\nscript-assess:1.0.8\ncloc:1.70\nresultparser:3.1.4\n"
}